<?xml version="1.0" encoding="UTF-8"?>
<!-- Generated by org.testng.reporters.JUnitReportReporter -->
<testsuite hostname="Sameer" failures="0" tests="6" name="SeleniumDemo1.TestNGPriorities" time="0.024" errors="0" timestamp="2021-09-09T04:22:08 IST" skipped="0">
  <testcase classname="SeleniumDemo1.TestNGPriorities" name="g" time="0.011"/>
  <system-out/>
  <testcase classname="SeleniumDemo1.TestNGPriorities" name="a" time="0.001"/>
  <system-out/>
  <testcase classname="SeleniumDemo1.TestNGPriorities" name="b" time="0.002"/>
  <system-out/>
  <testcase classname="SeleniumDemo1.TestNGPriorities" name="c" time="0.005"/>
  <system-out/>
  <testcase classname="SeleniumDemo1.TestNGPriorities" name="d" time="0.004"/>
  <system-out/>
  <testcase classname="SeleniumDemo1.TestNGPriorities" name="f" time="0.001"/>
  <system-out/>
</testsuite> <!-- SeleniumDemo1.TestNGPriorities -->
