<?xml version="1.0" encoding="UTF-8"?>
<!-- Generated by org.testng.reporters.JUnitReportReporter -->
<testsuite hostname="Sameer" failures="0" tests="2" name="SeleniumDemo1.TestNG1" time="0.017" errors="0" timestamp="2021-09-09T03:01:35 IST" skipped="0">
  <testcase classname="SeleniumDemo1.TestNG1" name="method_2" time="0.002"/>
  <system-out/>
  <testcase classname="SeleniumDemo1.TestNG1" name="method_1" time="0.015"/>
  <system-out/>
</testsuite> <!-- SeleniumDemo1.TestNG1 -->
