<?xml version="1.0" encoding="UTF-8"?>
<!-- Generated by org.testng.reporters.JUnitReportReporter -->
<testsuite hostname="Sameer" failures="0" tests="2" name="SeleniumDemo1.TestNGAnnotations" time="0.012" errors="0" timestamp="2021-09-09T03:59:07 IST" skipped="0">
  <testcase classname="SeleniumDemo1.TestNGAnnotations" name="testCase2" time="0.003"/>
  <system-out/>
  <testcase classname="SeleniumDemo1.TestNGAnnotations" name="testCase1" time="0.009"/>
  <system-out/>
</testsuite> <!-- SeleniumDemo1.TestNGAnnotations -->
