<?xml version="1.0" encoding="UTF-8"?>
<!-- Generated by org.testng.reporters.JUnitReportReporter -->
<testsuite hostname="Sameer" failures="0" tests="2" name="SeleniumDemo1.TestNGGroups" time="0.016" errors="0" timestamp="2021-09-10T03:08:17 IST" skipped="0">
  <testcase classname="SeleniumDemo1.TestNGGroups" name="test3" time="0.001"/>
  <system-out/>
  <testcase classname="SeleniumDemo1.TestNGGroups" name="test2" time="0.015"/>
  <system-out/>
</testsuite> <!-- SeleniumDemo1.TestNGGroups -->
