<?xml version="1.0" encoding="UTF-8"?>
<!-- Generated by org.testng.reporters.JUnitReportReporter -->
<testsuite hostname="Sameer" failures="0" tests="4" name="com.crm.qa.testcases.LandingPageTest" time="52.963" errors="0" timestamp="2021-08-24T04:26:56 IST" skipped="0">
  <testcase classname="com.crm.qa.testcases.LandingPageTest" name="testSignup" time="15.807"/>
  <system-out/>
  <testcase classname="com.crm.qa.testcases.LandingPageTest" name="testLandingPageLogo" time="9.583"/>
  <system-out/>
  <testcase classname="com.crm.qa.testcases.LandingPageTest" name="testLoginButton" time="15.950"/>
  <system-out/>
  <testcase classname="com.crm.qa.testcases.LandingPageTest" name="testTitle" time="11.623"/>
  <system-out/>
</testsuite> <!-- com.crm.qa.testcases.LandingPageTest -->
